2017-04-01T02:08:16.905Z - normal: Load ~/.CocosCreator/settings.json
2017-04-01T02:08:16.920Z - normal: checking language setting...
2017-04-01T02:08:16.920Z - normal: Language: zh
2017-04-01T02:08:17.465Z - success: protocol editor-framework registered
2017-04-01T02:08:17.466Z - success: protocol app registered
2017-04-01T02:08:17.466Z - success: protocol theme registered
2017-04-01T02:08:17.467Z - success: protocol profile registered
2017-04-01T02:08:17.467Z - success: protocol packages registered
2017-04-01T02:08:17.473Z - success: protocol unpack registerred
2017-04-01T02:08:17.474Z - success: protocol disable-commonjs registerred
2017-04-01T02:08:17.690Z - normal: connected!
2017-04-01T02:08:17.693Z - normal: Check project /Users/yanbin/projects/cocos_projects/fly2017
2017-04-01T02:08:17.697Z - normal: Initializing Cocos2d
2017-04-01T02:08:17.973Z - normal: Initializing Asset Database
2017-04-01T02:08:18.002Z - success: protocol uuid registerred
2017-04-01T02:08:18.002Z - success: protocol db registerred
2017-04-01T02:08:18.003Z - success: protocol thumbnail registerred
2017-04-01T02:08:18.003Z - normal: Loading editor/builtin packages
2017-04-01T02:08:18.139Z - success: assets loaded
2017-04-01T02:08:18.144Z - success: builder loaded
2017-04-01T02:08:18.156Z - success: hierarchy loaded
2017-04-01T02:08:18.162Z - success: inspector loaded
2017-04-01T02:08:18.163Z - success: keystore loaded
2017-04-01T02:08:18.167Z - success: node-library loaded
2017-04-01T02:08:18.170Z - success: preferences loaded
2017-04-01T02:08:18.192Z - success: project-importer loaded
2017-04-01T02:08:18.196Z - success: project-settings loaded
2017-04-01T02:08:18.202Z - success: ui-kit loaded
2017-04-01T02:08:18.209Z - success: ui-grid loaded
2017-04-01T02:08:18.216Z - success: scene loaded
2017-04-01T02:08:18.218Z - success: sprite-editor loaded
2017-04-01T02:08:18.265Z - success: store loaded
2017-04-01T02:08:18.273Z - success: timeline loaded
2017-04-01T02:08:18.273Z - normal: Loading builtin packages
2017-04-01T02:08:18.278Z - success: anysdk loaded
2017-04-01T02:08:18.282Z - success: asset-db-debugger loaded
2017-04-01T02:08:18.283Z - success: code-editor loaded
2017-04-01T02:08:18.284Z - success: color-picker loaded
2017-04-01T02:08:18.289Z - success: console loaded
2017-04-01T02:08:18.292Z - success: package-manager loaded
2017-04-01T02:08:18.297Z - success: tester loaded
2017-04-01T02:08:18.301Z - success: ui-kit-preview-extra loaded
2017-04-01T02:08:18.305Z - success: ui-kit-preview loaded
2017-04-01T02:08:18.312Z - success: ui-tree loaded
2017-04-01T02:08:18.360Z - normal: Initializing project /Users/yanbin/projects/cocos_projects/fly2017
2017-04-01T02:08:18.376Z - normal: Loading packages
2017-04-01T02:08:18.387Z - normal: package load
2017-04-01T02:08:18.388Z - success: json-lint loaded
2017-04-01T02:08:18.388Z - normal: Watching packages
2017-04-01T02:08:18.411Z - normal: Run Application
2017-04-01T02:08:18.776Z - success: preview server running at http://localhost:7457
2017-04-01T02:08:18.776Z - normal: Compiling scripts...
2017-04-01T02:08:21.074Z - normal: Compiled project javascript file successfully
